Const ForReading = 1, ForWriting = 2, ForAppending = 8
Dim FSO
Set FSO = CreateObject("Scripting.FilesystemObject")
FSO.CreateTextFile("[GBC]\copy.ini"), True 
Set EXE = CreateObject("Shell.Application")
If FSO.FileExists("[GBC]\copy.ini") Then 
FSO.DeleteFile "[GBC]\copy.ini" 
End If 
Dim objFile,objFolder
Dim Arg
Set objFSO = CreateObject("Scripting.FileSystemObject")

If WScript.Arguments.Count > 0 Then
	For Each Arg in Wscript.Arguments
		Arg =  Trim(Arg)
    If InStr(Arg,"") Then
      fullPathToFile = FSO.GetAbsolutePathName(Arg)
      Set objWrite = FSO.OpenTextFile("[GBC]\copy.ini" , ForAppending, True)
      objWrite.WriteLine(fullPathToFile)
      objWrite.Close
    Else
      Set objFolder = objFSO.GetFolder(Arg)
      fullPathToFile = FSO.GetAbsolutePathName(Arg)
      Set objWrite = FSO.OpenTextFile("[GBC]\copy.ini" , ForAppending, True)
      objWrite.WriteLine(fullPathToFile)
      objWrite.Close
    End If
	Next
End If
set s = createobject("WScript.Shell")
s.run "[GBC]\[BAT]", 2